1678902544434	geckodriver	INFO	Listening on 127.0.0.1:63148
1678902547479	mozrunner::runner	INFO	Running command: "C:\\Program Files\\Mozilla Firefox\\firefox.exe" "--marionette" "--headless" "--remote-debugging-port" "631 ... 9" "--remote-allow-hosts" "localhost" "-no-remote" "-profile" "C:\\Users\\Jason\\AppData\\Local\\Temp\\rust_mozprofileTeP7ZB"
*** You are running in headless mode.
console.warn: services.settings: Ignoring preference override of remote settings server
console.warn: services.settings: Allow by setting MOZ_REMOTE_SETTINGS_DEVTOOLS=1 in the environment
1678902547724	Marionette	INFO	Marionette enabled
Dynamically enable window occlusion 0
1678902547727	Marionette	INFO	Listening on port 63163
WebDriver BiDi listening on ws://127.0.0.1:63149
Read port: 63163
1678902547983	RemoteAgent	WARN	TLS certificate errors will be ignored for this session
[GFX1-]: RenderCompositorSWGL failed mapping default framebuffer, no dt
console.warn: SearchSettings: "get: No settings file exists, new profile?" (new NotFoundError("Could not open the file at C:\\Users\\Jason\\AppData\\Local\\Temp\\rust_mozprofileTeP7ZB\\search.json.mozlz4", (void 0)))
console.error: ({})
DevTools listening on ws://127.0.0.1:63149/devtools/browser/34bb1e2c-5c57-4971-89ec-7e2006ca8fee
JavaScript error: https://c.travel-assets.com/flights-shopping-pwa/pap.5bc6a3e08e679555c3dd.js, line 2: Error: UIS (/api/uisprime/track)replied with HTTP status code: 429
JavaScript error: https://c.travel-assets.com/flights-shopping-pwa/pap.5bc6a3e08e679555c3dd.js, line 2: Error: UIS (/api/uisprime/track)replied with HTTP status code: 429
JavaScript error: https://c.travel-assets.com/flights-shopping-pwa/pap.5bc6a3e08e679555c3dd.js, line 2: Error: UIS (/api/uisprime/track)replied with HTTP status code: 429
JavaScript error: https://c.travel-assets.com/flights-shopping-pwa/pap.5bc6a3e08e679555c3dd.js, line 2: Error: UIS (/api/uisprime/track)replied with HTTP status code: 429
JavaScript error: https://c.travel-assets.com/flights-shopping-pwa/pap.5bc6a3e08e679555c3dd.js, line 2: Error: UIS (/api/uisprime/track)replied with HTTP status code: 429
JavaScript error: https://c.travel-assets.com/flights-shopping-pwa/pap.5bc6a3e08e679555c3dd.js, line 2: Error: UIS (/api/uisprime/track)replied with HTTP status code: 429
JavaScript error: https://c.travel-assets.com/flights-shopping-pwa/pap.5bc6a3e08e679555c3dd.js, line 2: Error: UIS (/api/uisprime/track)replied with HTTP status code: 429
JavaScript error: https://c.travel-assets.com/flights-shopping-pwa/pap.5bc6a3e08e679555c3dd.js, line 2: Error: UIS (/api/uisprime/track)replied with HTTP status code: 429
JavaScript error: https://c.travel-assets.com/flights-shopping-pwa/pap.5bc6a3e08e679555c3dd.js, line 2: Error: UIS (/api/uisprime/track)replied with HTTP status code: 429
JavaScript error: https://c.travel-assets.com/flights-shopping-pwa/pap.5bc6a3e08e679555c3dd.js, line 2: Error: UIS (/api/uisprime/track)replied with HTTP status code: 429
JavaScript error: https://c.travel-assets.com/flights-shopping-pwa/pap.5bc6a3e08e679555c3dd.js, line 2: Error: UIS (/api/uisprime/track)replied with HTTP status code: 429
JavaScript error: https://c.travel-assets.com/flights-shopping-pwa/pap.5bc6a3e08e679555c3dd.js, line 2: Error: UIS (/api/uisprime/track)replied with HTTP status code: 429
JavaScript error: https://c.travel-assets.com/flights-shopping-pwa/pap.5bc6a3e08e679555c3dd.js, line 2: Error: UIS (/api/uisprime/track)replied with HTTP status code: 429
JavaScript error: https://c.travel-assets.com/flights-shopping-pwa/pap.5bc6a3e08e679555c3dd.js, line 2: Error: UIS (/api/uisprime/track)replied with HTTP status code: 429
JavaScript error: https://www.uciservice.com/assets/md-libs/1.0/6216308756b6b2b25ba0bd858c62006478a0967d/meso-displayad.js, line 223: TypeError: window.googletag is undefined
JavaScript error: https://www.uciservice.com/assets/md-libs/1.0/6216308756b6b2b25ba0bd858c62006478a0967d/meso-displayad.js, line 223: TypeError: window.googletag is undefined
JavaScript error: https://www.uciservice.com/assets/md-libs/1.0/6216308756b6b2b25ba0bd858c62006478a0967d/meso-displayad.js, line 223: TypeError: window.googletag is undefined
1678902557163	Marionette	INFO	Stopped listening on port 63163
Dynamically enable window occlusion 1
console.error: (new TypeError("NetworkError: Network request failed", "resource://services-settings/Utils.jsm", 237))
JavaScript error: resource://services-settings/Utils.jsm, line 237: TypeError: NetworkError: Network request failed
WARNING: A blocker encountered an error while we were waiting.
          Blocker:  Waiting for ping task
          Phase: TelemetryController: Waiting for pending ping activity
          State: (none)
WARNING: Error: Phase "profile-before-change" is finished, it is too late to register completion condition "OS.File: flush I/O queued before profileBeforeChange"
WARNING: addBlocker@resource://gre/modules/AsyncShutdown.sys.mjs:727:15
addBlocker@resource://gre/modules/AsyncShutdown.sys.mjs:523:26
addBlocker@resource://gre/modules/AsyncShutdown.sys.mjs:458:15
setupShutdown@resource://gre/modules/osfile/osfile_async_front.jsm:1548:28
@resource://gre/modules/osfile/osfile_async_front.jsm:1568:16
@resource://gre/modules/osfile.jsm:12:30
@resource://gre/modules/TelemetryStorage.sys.mjs:10:28
_checkPendingPings@resource://gre/modules/TelemetrySend.sys.mjs:863:17
setup@resource://gre/modules/TelemetrySend.sys.mjs:803:18
setup@resource://gre/modules/TelemetrySend.sys.mjs:241:30
setupTelemetry/this._delayedInitTask<@resource://gre/modules/TelemetryControllerParent.sys.mjs:828:36
observe@resource://gre/modules/AsyncShutdown.sys.mjs:576:16

console.error: "TelemetryScheduler.shutdown - Already shut down"
WARNING: A blocker encountered an error while we were waiting.
          Blocker:  Waiting for ping task
          Phase: TelemetryController: Waiting for pending ping activity
          State: (none)
WARNING: Error: Phase "profile-before-change" is finished, it is too late to register completion condition "OS.File: flush I/O queued before profileBeforeChange"
WARNING: addBlocker@resource://gre/modules/AsyncShutdown.sys.mjs:727:15
addBlocker@resource://gre/modules/AsyncShutdown.sys.mjs:523:26
addBlocker@resource://gre/modules/AsyncShutdown.sys.mjs:458:15
setupShutdown@resource://gre/modules/osfile/osfile_async_front.jsm:1548:28
@resource://gre/modules/osfile/osfile_async_front.jsm:1568:16
@resource://gre/modules/osfile.jsm:12:30
@resource://gre/modules/TelemetryStorage.sys.mjs:10:28
_checkPendingPings@resource://gre/modules/TelemetrySend.sys.mjs:863:17
setup@resource://gre/modules/TelemetrySend.sys.mjs:803:18
setup@resource://gre/modules/TelemetrySend.sys.mjs:241:30
setupTelemetry/this._delayedInitTask<@resource://gre/modules/TelemetryControllerParent.sys.mjs:828:36
observe@resource://gre/modules/AsyncShutdown.sys.mjs:576:16

WARNING: A blocker encountered an error while we were waiting.
          Blocker:  Waiting for ping task
          Phase: TelemetryController: Waiting for pending ping activity
          State: (none)
WARNING: Error: Phase "profile-before-change" is finished, it is too late to register completion condition "OS.File: flush I/O queued before profileBeforeChange"
WARNING: addBlocker@resource://gre/modules/AsyncShutdown.sys.mjs:727:15
addBlocker@resource://gre/modules/AsyncShutdown.sys.mjs:523:26
addBlocker@resource://gre/modules/AsyncShutdown.sys.mjs:458:15
setupShutdown@resource://gre/modules/osfile/osfile_async_front.jsm:1548:28
@resource://gre/modules/osfile/osfile_async_front.jsm:1568:16
@resource://gre/modules/osfile.jsm:12:30
@resource://gre/modules/TelemetryStorage.sys.mjs:10:28
_checkPendingPings@resource://gre/modules/TelemetrySend.sys.mjs:863:17
setup@resource://gre/modules/TelemetrySend.sys.mjs:803:18
setup@resource://gre/modules/TelemetrySend.sys.mjs:241:30
setupTelemetry/this._delayedInitTask<@resource://gre/modules/TelemetryControllerParent.sys.mjs:828:36
observe@resource://gre/modules/AsyncShutdown.sys.mjs:576:16

WARNING: A blocker encountered an error while we were waiting.
          Blocker:  TelemetryController: shutting down
          Phase: profile-before-change-telemetry
          State: Error getting state: Error: Phase "profile-before-change" is finished, it is too late to register completion condition "OS.File: flush I/O queued before profileBeforeChange" at addBlocker@resource://gre/modules/AsyncShutdown.sys.mjs:727:15
addBlocker@resource://gre/modules/AsyncShutdown.sys.mjs:523:26
addBlocker@resource://gre/modules/AsyncShutdown.sys.mjs:458:15
setupShutdown@resource://gre/modules/osfile/osfile_async_front.jsm:1548:28
@resource://gre/modules/osfile/osfile_async_front.jsm:1568:16
@resource://gre/modules/osfile.jsm:12:30
@resource://gre/modules/TelemetryStorage.sys.mjs:10:28
_checkPendingPings@resource://gre/modules/TelemetrySend.sys.mjs:863:17
setup@resource://gre/modules/TelemetrySend.sys.mjs:803:18
setup@resource://gre/modules/TelemetrySend.sys.mjs:241:30
setupTelemetry/this._delayedInitTask<@resource://gre/modules/TelemetryControllerParent.sys.mjs:828:36
observe@resource://gre/modules/AsyncShutdown.sys.mjs:576:16

WARNING: Error: Phase "profile-before-change" is finished, it is too late to register completion condition "OS.File: flush I/O queued before profileBeforeChange"
WARNING: addBlocker@resource://gre/modules/AsyncShutdown.sys.mjs:727:15
addBlocker@resource://gre/modules/AsyncShutdown.sys.mjs:523:26
addBlocker@resource://gre/modules/AsyncShutdown.sys.mjs:458:15
setupShutdown@resource://gre/modules/osfile/osfile_async_front.jsm:1548:28
@resource://gre/modules/osfile/osfile_async_front.jsm:1568:16
@resource://gre/modules/osfile.jsm:12:30
@resource://gre/modules/TelemetryStorage.sys.mjs:10:28
_checkPendingPings@resource://gre/modules/TelemetrySend.sys.mjs:863:17
setup@resource://gre/modules/TelemetrySend.sys.mjs:803:18
setup@resource://gre/modules/TelemetrySend.sys.mjs:241:30
setupTelemetry/this._delayedInitTask<@resource://gre/modules/TelemetryControllerParent.sys.mjs:828:36
observe@resource://gre/modules/AsyncShutdown.sys.mjs:576:16

JavaScript error: resource://gre/modules/AsyncShutdown.sys.mjs, line 727: Error: Phase "profile-before-change" is finished, it is too late to register completion condition "OS.File: flush I/O queued before profileBeforeChange"
JavaScript error: resource://gre/modules/AsyncShutdown.sys.mjs, line 727: Error: Phase "profile-before-change" is finished, it is too late to register completion condition "OS.File: flush I/O queued before profileBeforeChange"
JavaScript error: resource://gre/modules/AsyncShutdown.sys.mjs, line 727: Error: Phase "profile-before-change" is finished, it is too late to register completion condition "OS.File: flush I/O queued before profileBeforeChange"
JavaScript error: resource://gre/modules/AsyncShutdown.sys.mjs, line 727: Error: Phase "profile-before-change" is finished, it is too late to register completion condition "OS.File: flush I/O queued before profileBeforeChange"
JavaScript error: resource://gre/modules/AsyncShutdown.sys.mjs, line 727: Error: Phase "profile-before-change" is finished, it is too late to register completion condition "OS.File: flush I/O queued before profileBeforeChange"
JavaScript error: resource://gre/modules/AsyncShutdown.sys.mjs, line 727: Error: Phase "profile-before-change" is finished, it is too late to register completion condition "OS.File: flush I/O queued before profileBeforeChange"
